\BOOKMARK [1][-]{section.1}{\376\377\000I\000n\000t\000r\000o\000d\000u\000c\000c\000i\000\363\000n}{}% 1
\BOOKMARK [1][-]{section.2}{\376\377\000E\000j\000e\000r\000c\000i\000c\000i\000o\000\040\0001}{}% 2
\BOOKMARK [2][-]{subsection.2.1}{\376\377\000C\000o\000n\000s\000i\000g\000n\000a\000s}{section.2}% 3
\BOOKMARK [2][-]{subsection.2.2}{\376\377\000D\000e\000s\000a\000r\000r\000o\000l\000l\000o}{section.2}% 4
\BOOKMARK [2][-]{subsection.2.3}{\376\377\000A\000n\000\341\000l\000i\000s\000i\000s}{section.2}% 5
\BOOKMARK [1][-]{section.3}{\376\377\000E\000j\000e\000r\000c\000i\000c\000i\000o\000\040\0002}{}% 6
\BOOKMARK [2][-]{subsection.3.1}{\376\377\000C\000o\000n\000s\000i\000g\000n\000a\000s}{section.3}% 7
\BOOKMARK [2][-]{subsection.3.2}{\376\377\000D\000e\000s\000a\000r\000r\000o\000l\000l\000o}{section.3}% 8
\BOOKMARK [2][-]{subsection.3.3}{\376\377\000A\000n\000\341\000l\000i\000s\000i\000s}{section.3}% 9
\BOOKMARK [1][-]{section.4}{\376\377\000E\000j\000e\000r\000c\000i\000c\000i\000o\000\040\0003}{}% 10
\BOOKMARK [2][-]{subsection.4.1}{\376\377\000C\000o\000n\000s\000i\000g\000n\000a\000s}{section.4}% 11
\BOOKMARK [2][-]{subsection.4.2}{\376\377\000D\000e\000s\000a\000r\000r\000o\000l\000l\000o}{section.4}% 12
\BOOKMARK [3][-]{subsubsection.4.2.1}{\376\377\0002\000\040\000N\000e\000u\000r\000o\000n\000a\000s\000\040\000e\000n\000\040\000c\000a\000p\000a\000\040\000o\000c\000u\000l\000t\000a}{subsection.4.2}% 13
\BOOKMARK [3][-]{subsubsection.4.2.2}{\376\377\0004\000\040\000N\000e\000u\000r\000o\000n\000a\000s\000\040\000e\000n\000\040\000c\000a\000p\000a\000\040\000o\000c\000u\000l\000t\000a}{subsection.4.2}% 14
\BOOKMARK [3][-]{subsubsection.4.2.3}{\376\377\0001\0000\000\040\000N\000e\000u\000r\000o\000n\000a\000s\000\040\000e\000n\000\040\000c\000a\000p\000a\000\040\000o\000c\000u\000l\000t\000a}{subsection.4.2}% 15
\BOOKMARK [2][-]{subsection.4.3}{\376\377\000A\000n\000\341\000l\000i\000s\000i\000s}{section.4}% 16
\BOOKMARK [1][-]{section.5}{\376\377\000E\000j\000e\000r\000c\000i\000c\000i\000o\000\040\0004}{}% 17
\BOOKMARK [2][-]{subsection.5.1}{\376\377\000C\000o\000n\000s\000i\000g\000n\000a\000s}{section.5}% 18
\BOOKMARK [2][-]{subsection.5.2}{\376\377\000D\000e\000s\000a\000r\000r\000o\000l\000l\000o}{section.5}% 19
\BOOKMARK [2][-]{subsection.5.3}{\376\377\000I\000n\000c\000i\000s\000o\000\040\000a}{section.5}% 20
\BOOKMARK [3][-]{subsubsection.5.3.1}{\376\377\000M\000i\000n\000i\000b\000a\000t\000c\000h\000\040\000d\000e\000\040\0004\0000\000\040\000m\000u\000e\000s\000t\000r\000a\000s}{subsection.5.3}% 21
\BOOKMARK [3][-]{subsubsection.5.3.2}{\376\377\000M\000i\000n\000i\000b\000a\000t\000c\000h\000\040\000d\000e\000\040\0001\0000\0000\000\040\000m\000u\000e\000s\000t\000r\000a\000s}{subsection.5.3}% 22
\BOOKMARK [3][-]{subsubsection.5.3.3}{\376\377\000M\000i\000n\000i\000b\000a\000t\000c\000h\000\040\000d\000e\000\040\0001\0000\0000\0000\000\040\000m\000u\000e\000s\000t\000r\000a\000s}{subsection.5.3}% 23
\BOOKMARK [3][-]{subsubsection.5.3.4}{\376\377\000A\000n\000\341\000l\000i\000s\000i\000s}{subsection.5.3}% 24
\BOOKMARK [2][-]{subsection.5.4}{\376\377\000I\000n\000c\000i\000s\000o\000\040\000b}{section.5}% 25
\BOOKMARK [3][-]{subsubsection.5.4.1}{\376\377\000M\000i\000n\000i\000b\000a\000t\000c\000h\000\040\000d\000e\000\040\0004\0000\000\040\000m\000u\000e\000s\000t\000r\000a\000s}{subsection.5.4}% 26
\BOOKMARK [3][-]{subsubsection.5.4.2}{\376\377\000M\000i\000n\000i\000b\000a\000t\000c\000h\000\040\000d\000e\000\040\0001\000\040\000m\000u\000e\000s\000t\000r\000a\000s}{subsection.5.4}% 27
\BOOKMARK [2][-]{subsection.5.5}{\376\377\000A\000n\000\341\000l\000i\000s\000i\000s\000\040\000g\000l\000o\000b\000a\000l}{section.5}% 28
\BOOKMARK [1][-]{section.6}{\376\377\000E\000j\000e\000r\000c\000i\000c\000i\000o\000\040\0005}{}% 29
\BOOKMARK [2][-]{subsection.6.1}{\376\377\000C\000o\000n\000s\000i\000g\000n\000a\000s}{section.6}% 30
\BOOKMARK [2][-]{subsection.6.2}{\376\377\000D\000e\000s\000a\000r\000r\000o\000l\000l\000o}{section.6}% 31
\BOOKMARK [2][-]{subsection.6.3}{\376\377\000A\000n\000\341\000l\000i\000s\000i\000s}{section.6}% 32
\BOOKMARK [1][-]{section.7}{\376\377\000E\000j\000e\000r\000c\000i\000c\000i\000o\000\040\0006}{}% 33
\BOOKMARK [2][-]{subsection.7.1}{\376\377\000C\000o\000n\000s\000i\000g\000n\000a\000s}{section.7}% 34
\BOOKMARK [2][-]{subsection.7.2}{\376\377\000D\000e\000s\000a\000r\000r\000o\000l\000l\000o}{section.7}% 35
\BOOKMARK [2][-]{subsection.7.3}{\376\377\000A\000n\000\341\000l\000i\000s\000i\000s}{section.7}% 36
\BOOKMARK [1][-]{section.8}{\376\377\000E\000j\000e\000r\000c\000i\000c\000i\000o\000\040\0007}{}% 37
\BOOKMARK [2][-]{subsection.8.1}{\376\377\000C\000o\000n\000s\000i\000g\000n\000a\000s}{section.8}% 38
\BOOKMARK [2][-]{subsection.8.2}{\376\377\000D\000e\000s\000a\000r\000r\000o\000l\000l\000o}{section.8}% 39
\BOOKMARK [2][-]{subsection.8.3}{\376\377\000A\000n\000\341\000l\000i\000s\000i\000s}{section.8}% 40
\BOOKMARK [1][-]{section.9}{\376\377\000E\000j\000e\000r\000c\000i\000c\000i\000o\000\040\0008}{}% 41
\BOOKMARK [2][-]{subsection.9.1}{\376\377\000C\000o\000n\000s\000i\000g\000n\000a\000s}{section.9}% 42
\BOOKMARK [2][-]{subsection.9.2}{\376\377\000D\000e\000s\000a\000r\000r\000o\000l\000l\000o}{section.9}% 43
\BOOKMARK [3][-]{subsubsection.9.2.1}{\376\377\000X\000O\000R\000\040\000d\000e\000\040\0002\000\040\000e\000n\000t\000r\000a\000d\000a\000s\000\040\000-\000\040\0002\000\040\000n\000e\000u\000r\000o\000n\000a\000s\000\040\000e\000n\000\040\000c\000a\000p\000a\000\040\000o\000c\000u\000l\000t\000a}{subsection.9.2}% 44
\BOOKMARK [3][-]{subsubsection.9.2.2}{\376\377\000X\000O\000R\000\040\000d\000e\000\040\0002\000\040\000e\000n\000t\000r\000a\000d\000a\000s\000\040\000-\000\040\0004\000\040\000n\000e\000u\000r\000o\000n\000a\000s\000\040\000e\000n\000\040\000c\000a\000p\000a\000\040\000o\000c\000u\000l\000t\000a}{subsection.9.2}% 45
\BOOKMARK [3][-]{subsubsection.9.2.3}{\376\377\000X\000O\000R\000\040\000d\000e\000\040\0002\000\040\000e\000n\000t\000r\000a\000d\000a\000s\000\040\000-\000\040\0001\0000\000\040\000n\000e\000u\000r\000o\000n\000a\000s\000\040\000e\000n\000\040\000c\000a\000p\000a\000\040\000o\000c\000u\000l\000t\000a}{subsection.9.2}% 46
\BOOKMARK [3][-]{subsubsection.9.2.4}{\376\377\000X\000O\000R\000\040\000d\000e\000\040\0002\000\040\000e\000n\000t\000r\000a\000d\000a\000s\000\040\000-\000\040\0002\000\040\000n\000e\000u\000r\000o\000n\000a\000s\000\040\000e\000n\000\040\000c\000a\000p\000a\000\040\000o\000c\000u\000l\000t\000a}{subsection.9.2}% 47
\BOOKMARK [3][-]{subsubsection.9.2.5}{\376\377\000X\000O\000R\000\040\000d\000e\000\040\0002\000\040\000e\000n\000t\000r\000a\000d\000a\000s\000\040\000-\000\040\0002\000\040\000n\000e\000u\000r\000o\000n\000a\000s\000\040\000e\000n\000\040\000c\000a\000p\000a\000\040\000o\000c\000u\000l\000t\000a}{subsection.9.2}% 48
\BOOKMARK [3][-]{subsubsection.9.2.6}{\376\377\000X\000O\000R\000\040\000d\000e\000\040\0004\000\040\000e\000n\000t\000r\000a\000d\000a\000s\000\040\000-\000\040\0004\000\040\000n\000e\000u\000r\000o\000n\000a\000s\000\040\000e\000n\000\040\000c\000a\000p\000a\000\040\000o\000c\000u\000l\000t\000a}{subsection.9.2}% 49
\BOOKMARK [3][-]{subsubsection.9.2.7}{\376\377\000X\000O\000R\000\040\000d\000e\000\040\0004\000\040\000e\000n\000t\000r\000a\000d\000a\000s\000\040\000-\000\040\0005\000\040\000n\000e\000u\000r\000o\000n\000a\000s\000\040\000e\000n\000\040\000c\000a\000p\000a\000\040\000o\000c\000u\000l\000t\000a}{subsection.9.2}% 50
\BOOKMARK [3][-]{subsubsection.9.2.8}{\376\377\000X\000O\000R\000\040\000d\000e\000\040\0004\000\040\000e\000n\000t\000r\000a\000d\000a\000s\000\040\000-\000\040\0006\000\040\000n\000e\000u\000r\000o\000n\000a\000s\000\040\000e\000n\000\040\000c\000a\000p\000a\000\040\000o\000c\000u\000l\000t\000a}{subsection.9.2}% 51
\BOOKMARK [2][-]{subsection.9.3}{\376\377\000A\000n\000\341\000l\000i\000s\000i\000s}{section.9}% 52
\BOOKMARK [1][-]{section.10}{\376\377\000C\000o\000n\000c\000l\000u\000s\000i\000o\000n\000e\000s}{}% 53
